<?xml version="1.0" encoding="UTF-8"?>
<testsuite xmlns:xsi="http://www.w3.org/2001/XMLSchema-instance" xsi:noNamespaceSchemaLocation="https://maven.apache.org/surefire/maven-surefire-plugin/xsd/surefire-test-report-3.0.xsd" version="3.0" name="FunctionalTesting.RestBusTest" time="10.217" tests="1" errors="0" skipped="0" failures="0">
  <properties>
[...]
</properties>
  <testcase name="validateRedbusWebsite" classname="FunctionalTesting.RestBusTest" time="0.126">
    <system-out><![CDATA[The title of Redbus website is: Bus Ticket Booking Online made Easy, Secure with Top Bus Operators - redBus
]]></system-out>
    <system-err><![CDATA[Aug 29, 2024 5:51:23 AM org.openqa.selenium.devtools.CdpVersionFinder findNearestMatch
WARNING: Unable to find an exact match for CDP version 128, returning the closest version; found: 127; Please update to a Selenium version that supports CDP version 128
Aug 29, 2024 5:51:26 AM org.openqa.selenium.remote.http.WebSocket$Listener onError
WARNING: Connection reset
java.net.SocketException: Connection reset
	at java.base/sun.nio.ch.SocketChannelImpl.throwConnectionReset(Unknown Source)
	at java.base/sun.nio.ch.SocketChannelImpl.read(Unknown Source)
	at java.net.http/jdk.internal.net.http.SocketTube.readAvailable(Unknown Source)
	at java.net.http/jdk.internal.net.http.SocketTube$InternalReadPublisher$InternalReadSubscription.read(Unknown Source)
	at java.net.http/jdk.internal.net.http.SocketTube$SocketFlowTask.run(Unknown Source)
	at java.net.http/jdk.internal.net.http.common.SequentialScheduler$SchedulableTask.run(Unknown Source)
	at java.net.http/jdk.internal.net.http.common.SequentialScheduler.runOrSchedule(Unknown Source)
	at java.net.http/jdk.internal.net.http.common.SequentialScheduler.runOrSchedule(Unknown Source)
	at java.net.http/jdk.internal.net.http.SocketTube$InternalReadPublisher$InternalReadSubscription.signalReadable(Unknown Source)
	at java.net.http/jdk.internal.net.http.SocketTube$InternalReadPublisher$ReadEvent.signalEvent(Unknown Source)
	at java.net.http/jdk.internal.net.http.SocketTube$SocketFlowEvent.handle(Unknown Source)
	at java.net.http/jdk.internal.net.http.HttpClientImpl$SelectorManager.handleEvent(Unknown Source)
	at java.net.http/jdk.internal.net.http.HttpClientImpl$SelectorManager.lambda$run$3(Unknown Source)
	at java.base/java.util.ArrayList.forEach(Unknown Source)
	at java.net.http/jdk.internal.net.http.HttpClientImpl$SelectorManager.run(Unknown Source)

]]></system-err>
  </testcase>
</testsuite>